[2024-08-13 13:44:30,223: INFO: stage_01_data_validation: >>>>>> Data Validation Stage started <<<<<<]
[2024-08-13 13:44:30,236: INFO: common: yaml file: config\config.yaml loaded successfully]
[2024-08-13 13:44:30,281: INFO: common: yaml file: params.yaml loaded successfully]
[2024-08-13 13:44:30,287: INFO: common: yaml file: schema.yaml loaded successfully]
[2024-08-13 13:44:30,290: INFO: common: created directory at artifacts/data_validation]
[2024-08-13 13:44:31,150: INFO: common: Data file artifacts/data_ingestion/customer_booking.csv loaded successfully]
[2024-08-13 13:44:31,157: INFO: stage_01_data_validation: >>>>>> Data Validation Stage completed <<<<<<

x==========x]
[2024-08-13 13:45:18,961: INFO: stage_02_data_transformation: >>>>>> Data Transformation Stage started <<<<<<]
[2024-08-13 13:45:18,999: INFO: common: yaml file: config\config.yaml loaded successfully]
[2024-08-13 13:45:19,012: INFO: common: yaml file: params.yaml loaded successfully]
[2024-08-13 13:45:19,043: INFO: common: yaml file: schema.yaml loaded successfully]
[2024-08-13 13:45:19,054: INFO: common: created directory at artifacts/data_transformation]
[2024-08-13 13:45:19,057: INFO: common: created directory at artifacts/data_transformation/transformed]
[2024-08-13 13:45:19,526: INFO: common: Data file artifacts/data_ingestion/customer_booking.csv loaded successfully]
[2024-08-13 13:45:19,528: INFO: data_transformation: Total rows in data: 50000]
[2024-08-13 13:45:26,175: INFO: data_transformation: Total rows in data after preprocessing: 49699]
[2024-08-13 13:45:28,725: INFO: common: Preprocessed data file saved at: artifacts/data_transformation/cleaned_customer_booking.csv]
[2024-08-13 13:45:29,073: INFO: common: Data file artifacts/data_transformation/cleaned_customer_booking.csv loaded successfully]
[2024-08-13 13:45:31,558: INFO: common: Preprocessed data file saved at: artifacts/data_transformation/train.csv]
[2024-08-13 13:45:31,869: INFO: common: Preprocessed data file saved at: artifacts/data_transformation/test.csv]
[2024-08-13 13:45:31,869: INFO: data_transformation: Splitted data into training and test sets]
[2024-08-13 13:45:31,869: INFO: data_transformation: Train file shape: (39759, 15)]
[2024-08-13 13:45:31,870: INFO: data_transformation: Train file shape: (9940, 15)]
[2024-08-13 13:48:52,104: INFO: common: Preprocessed data file saved at: artifacts/data_transformation/transformed/train_features.csv]
[2024-08-13 13:48:52,236: INFO: common: Preprocessed data file saved at: artifacts/data_transformation/transformed/train_label.csv]
[2024-08-13 13:48:52,958: INFO: common: Preprocessed data file saved at: artifacts/data_transformation/transformed/test_features.csv]
[2024-08-13 13:48:53,088: INFO: common: Preprocessed data file saved at: artifacts/data_transformation/transformed/test_label.csv]
[2024-08-13 13:48:53,090: INFO: data_transformation: Transformed data for model training saved at artifacts/data_transformation/transformed]
[2024-08-13 13:48:53,095: INFO: stage_02_data_transformation: >>>>>> Data Transformation Stage completed <<<<<<

x==========x]
[2024-08-13 13:49:27,655: INFO: stage_03_model_training: >>>>>> Model Training Stage started <<<<<<]
[2024-08-13 13:49:27,737: INFO: common: yaml file: config\config.yaml loaded successfully]
[2024-08-13 13:49:27,743: INFO: common: yaml file: params.yaml loaded successfully]
[2024-08-13 13:49:27,773: INFO: common: yaml file: schema.yaml loaded successfully]
[2024-08-13 13:49:27,785: INFO: common: created directory at artifacts/model_training]
[2024-08-13 13:49:28,541: INFO: common: Data file artifacts/data_transformation/transformed/train_features.csv loaded successfully]
[2024-08-13 13:49:28,584: INFO: common: Data file artifacts/data_transformation/transformed/train_label.csv loaded successfully]
[2024-08-13 13:49:28,589: INFO: model_training: Training started...]
[2024-08-13 13:50:45,440: INFO: model_training: Training completed]
[2024-08-13 13:50:48,080: INFO: common: binary file saved at: artifacts/model_training/br_model.joblib]
[2024-08-13 13:50:48,088: INFO: stage_03_model_training: >>>>>> Model Training Stage completed <<<<<<

x==========x]
[2024-08-13 13:51:20,823: INFO: stage_04_model_evaluation: >>>>>> Model Evaluation stage started <<<<<<]
[2024-08-13 13:51:20,833: INFO: common: yaml file: config\config.yaml loaded successfully]
[2024-08-13 13:51:20,857: INFO: common: yaml file: params.yaml loaded successfully]
[2024-08-13 13:51:20,879: INFO: common: yaml file: schema.yaml loaded successfully]
[2024-08-13 13:51:20,890: INFO: common: created directory at artifacts/model_evaluation]
[2024-08-13 13:51:20,893: INFO: common: created directory at artifacts/data_transformation]
[2024-08-13 13:51:20,895: INFO: common: created directory at artifacts/data_transformation/transformed]
[2024-08-13 13:51:22,481: INFO: common: binary file loaded from: artifacts/model_training/br_model.joblib]
[2024-08-13 13:51:23,704: WARNING: live: Ignoring `save_dvc_exp` because `dvc repro` is running.
Use `dvc exp run` to save experiment.]
[2024-08-13 13:51:32,361: INFO: common: Data file artifacts/data_transformation/transformed/test_features.csv loaded successfully]
[2024-08-13 13:51:32,841: INFO: common: Data file artifacts/data_transformation/transformed/train_features.csv loaded successfully]
[2024-08-13 13:51:32,867: INFO: common: Data file artifacts/data_transformation/transformed/train_label.csv loaded successfully]
[2024-08-13 13:51:42,929: INFO: common: Data file artifacts/data_transformation/transformed/test_features.csv loaded successfully]
[2024-08-13 13:51:43,002: INFO: common: Data file artifacts/data_transformation/test.csv loaded successfully]
[2024-08-13 13:51:49,928: INFO: stage_04_model_evaluation: >>>>>> Model Evaluation stage completed <<<<<<

x==========x]
